#
# There is insufficient memory for the Java Runtime Environment to continue.
# Native memory allocation (malloc) failed to allocate 414496 bytes. Error detail: Chunk::new
# Possible reasons:
#   The system is out of physical RAM or swap space
#   This process is running with CompressedOops enabled, and the Java Heap may be blocking the growth of the native heap
# Possible solutions:
#   Reduce memory load on the system
#   Increase physical memory or swap space
#   Check if swap backing store is full
#   Decrease Java heap size (-Xmx/-Xms)
#   Decrease number of Java threads
#   Decrease Java thread stack sizes (-Xss)
#   Set larger code cache with -XX:ReservedCodeCacheSize=
#   JVM is running with Unscaled Compressed Oops mode in which the Java heap is
#     placed in the first 4GB address space. The Java Heap base address is the
#     maximum limit for the native heap growth. Please use -XX:HeapBaseMinAddress
#     to set the Java Heap base and to place the Java Heap above 4GB virtual address.
# This output file may be truncated or incomplete.
#
#  Out of Memory Error (arena.cpp:168), pid=29596, tid=2768
#
# JRE version: OpenJDK Runtime Environment Temurin-21.0.9+10 (21.0.9+10) (build 21.0.9+10-LTS)
# Java VM: OpenJDK 64-Bit Server VM Temurin-21.0.9+10 (21.0.9+10-LTS, mixed mode, sharing, tiered, compressed oops, compressed class ptrs, parallel gc, windows-amd64)
# No core dump will be written. Minidumps are not enabled by default on client versions of Windows
#

---------------  S U M M A R Y ------------

Command Line: --add-modules=ALL-SYSTEM --add-opens=java.base/java.util=ALL-UNNAMED --add-opens=java.base/java.lang=ALL-UNNAMED --add-opens=java.base/sun.nio.fs=ALL-UNNAMED -Declipse.application=org.eclipse.jdt.ls.core.id1 -Dosgi.bundles.defaultStartLevel=4 -Declipse.product=org.eclipse.jdt.ls.core.product -Djava.import.generatesMetadataFilesAtProjectRoot=false -DDetectVMInstallationsJob.disabled=true -Dfile.encoding=utf8 -XX:+UseParallelGC -XX:GCTimeRatio=4 -XX:AdaptiveSizePolicyWeight=90 -Dsun.zip.disableMemoryMapping=true -Xmx2G -Xms100m -Xlog:disable -javaagent:c:\Users\SOftLapTop\.antigravity\extensions\redhat.java-1.51.0-win32-x64\lombok\lombok-1.18.39-4050.jar c:\Users\SOftLapTop\.antigravity\extensions\redhat.java-1.51.0-win32-x64\server\plugins\org.eclipse.equinox.launcher_1.7.100.v20251111-0406.jar -configuration c:\Users\SOftLapTop\AppData\Roaming\Antigravity\User\globalStorage\redhat.java\1.51.0\config_ss_win -data c:\Users\SOftLapTop\AppData\Roaming\Antigravity\User\workspaceStorage\4066a1f858ad8e0f4dc6e7860d362727\redhat.java\ss_ws --pipe=\\.\pipe\lsp-a931f57cbc7467ea7160f16a23b8e9d8-sock

Host: 11th Gen Intel(R) Core(TM) i7-11800H @ 2.30GHz, 16 cores, 15G,  Windows 11 , 64 bit Build 26100 (10.0.26100.6725)
Time: Sat Mar 14 17:20:45 2026 Egypt Standard Time elapsed time: 12.140018 seconds (0d 0h 0m 12s)

---------------  T H R E A D  ---------------

Current thread (0x000001a5d7b5ab60):  JavaThread "C2 CompilerThread1" daemon [_thread_in_native, id=2768, stack(0x0000006dcba00000,0x0000006dcbb00000) (1024K)]


Current CompileTask:
C2:12140 2486       4       lombok.patcher.PatchScript::classMatches (41 bytes)

Stack: [0x0000006dcba00000,0x0000006dcbb00000]
Native frames: (J=compiled Java code, j=interpreted, Vv=VM code, C=native code)
V  [jvm.dll+0x6d6e29]
V  [jvm.dll+0x8b4b76]
V  [jvm.dll+0x8b712e]
V  [jvm.dll+0x8b7813]
V  [jvm.dll+0x283d86]
V  [jvm.dll+0xc66ed]
V  [jvm.dll+0xc6c31]
V  [jvm.dll+0x2facee]
V  [jvm.dll+0x5fde44]
V  [jvm.dll+0x255557]
V  [jvm.dll+0x25591d]
V  [jvm.dll+0x24df40]
V  [jvm.dll+0x24b482]
V  [jvm.dll+0x1cb13e]
V  [jvm.dll+0x25b29d]
V  [jvm.dll+0x25982a]
V  [jvm.dll+0x3f7ea6]
V  [jvm.dll+0x85e9ad]
V  [jvm.dll+0x6d565d]
C  [ucrtbase.dll+0x37b0]
C  [KERNEL32.DLL+0x2e8d7]
C  [ntdll.dll+0x8c53c]


---------------  P R O C E S S  ---------------

Threads class SMR info:
_java_thread_list=0x000001a5d782d060, length=20, elements={
0x000001a5f6049420, 0x000001a5f83d3390, 0x000001a5f83d75a0, 0x000001a5f83d9e00,
0x000001a5f83da850, 0x000001a5f83de980, 0x000001a5f83e0930, 0x000001a5f83e9a00,
0x000001a5f83eda10, 0x000001a5d144a860, 0x000001a5d7034130, 0x000001a5d7ba8f20,
0x000001a5d7bd7100, 0x000001a5d773eb00, 0x000001a5d7a6d090, 0x000001a5d13e31a0,
0x000001a5d1266590, 0x000001a5d79c5600, 0x000001a5d79c60a0, 0x000001a5d7b5ab60
}

Java Threads: ( => current thread )
  0x000001a5f6049420 JavaThread "main"                              [_thread_blocked, id=17584, stack(0x0000006dc9b00000,0x0000006dc9c00000) (1024K)]
  0x000001a5f83d3390 JavaThread "Reference Handler"          daemon [_thread_blocked, id=17412, stack(0x0000006dc9f00000,0x0000006dca000000) (1024K)]
  0x000001a5f83d75a0 JavaThread "Finalizer"                  daemon [_thread_blocked, id=8696, stack(0x0000006dca000000,0x0000006dca100000) (1024K)]
  0x000001a5f83d9e00 JavaThread "Signal Dispatcher"          daemon [_thread_blocked, id=6416, stack(0x0000006dca100000,0x0000006dca200000) (1024K)]
  0x000001a5f83da850 JavaThread "Attach Listener"            daemon [_thread_blocked, id=26940, stack(0x0000006dca200000,0x0000006dca300000) (1024K)]
  0x000001a5f83de980 JavaThread "Service Thread"             daemon [_thread_blocked, id=20520, stack(0x0000006dca300000,0x0000006dca400000) (1024K)]
  0x000001a5f83e0930 JavaThread "Monitor Deflation Thread"   daemon [_thread_blocked, id=14756, stack(0x0000006dca400000,0x0000006dca500000) (1024K)]
  0x000001a5f83e9a00 JavaThread "C2 CompilerThread0"         daemon [_thread_blocked, id=22592, stack(0x0000006dca500000,0x0000006dca600000) (1024K)]
  0x000001a5f83eda10 JavaThread "C1 CompilerThread0"         daemon [_thread_blocked, id=14468, stack(0x0000006dca600000,0x0000006dca700000) (1024K)]
  0x000001a5d144a860 JavaThread "Common-Cleaner"             daemon [_thread_blocked, id=1452, stack(0x0000006dcaa00000,0x0000006dcab00000) (1024K)]
  0x000001a5d7034130 JavaThread "Notification Thread"        daemon [_thread_blocked, id=16644, stack(0x0000006dcad00000,0x0000006dcae00000) (1024K)]
  0x000001a5d7ba8f20 JavaThread "Active Thread: Equinox Container: 44b98c88-97f2-4d1e-89c3-9be15ab88565"        [_thread_blocked, id=24268, stack(0x0000006dcb400000,0x0000006dcb500000) (1024K)]
  0x000001a5d7bd7100 JavaThread "Framework Event Dispatcher: Equinox Container: 44b98c88-97f2-4d1e-89c3-9be15ab88565" daemon [_thread_blocked, id=26992, stack(0x0000006dcb600000,0x0000006dcb700000) (1024K)]
  0x000001a5d773eb00 JavaThread "Start Level: Equinox Container: 44b98c88-97f2-4d1e-89c3-9be15ab88565" daemon [_thread_in_vm, id=12904, stack(0x0000006dcb700000,0x0000006dcb800000) (1024K)]
  0x000001a5d7a6d090 JavaThread "SCR Component Actor"        daemon [_thread_blocked, id=29192, stack(0x0000006dcb800000,0x0000006dcb900000) (1024K)]
  0x000001a5d13e31a0 JavaThread "Worker-JM"                         [_thread_blocked, id=25560, stack(0x0000006dca700000,0x0000006dca800000) (1024K)]
  0x000001a5d1266590 JavaThread "C1 CompilerThread1"         daemon [_thread_blocked, id=24928, stack(0x0000006dca800000,0x0000006dca900000) (1024K)]
  0x000001a5d79c5600 JavaThread "C1 CompilerThread2"         daemon [_thread_blocked, id=20440, stack(0x0000006dcb300000,0x0000006dcb400000) (1024K)]
  0x000001a5d79c60a0 JavaThread "C1 CompilerThread3"         daemon [_thread_blocked, id=3844, stack(0x0000006dcb900000,0x0000006dcba00000) (1024K)]
=>0x000001a5d7b5ab60 JavaThread "C2 CompilerThread1"         daemon [_thread_in_native, id=2768, stack(0x0000006dcba00000,0x0000006dcbb00000) (1024K)]
Total: 20

Other Threads:
  0x000001a5f83ceac0 VMThread "VM Thread"                           [id=26356, stack(0x0000006dc9e00000,0x0000006dc9f00000) (1024K)]
  0x000001a5f8398b30 WatcherThread "VM Periodic Task Thread"        [id=7736, stack(0x0000006dc9d00000,0x0000006dc9e00000) (1024K)]
  0x000001a5f834c3b0 WorkerThread "GC Thread#0"                     [id=23520, stack(0x0000006dc9c00000,0x0000006dc9d00000) (1024K)]
  0x000001a5d75d8d70 WorkerThread "GC Thread#1"                     [id=7364, stack(0x0000006dcac00000,0x0000006dcad00000) (1024K)]
  0x000001a5d75d9720 WorkerThread "GC Thread#2"                     [id=9288, stack(0x0000006dcae00000,0x0000006dcaf00000) (1024K)]
  0x000001a5d76c8670 WorkerThread "GC Thread#3"                     [id=3332, stack(0x0000006dcaf00000,0x0000006dcb000000) (1024K)]
  0x000001a5d705ad10 WorkerThread "GC Thread#4"                     [id=22364, stack(0x0000006dcb000000,0x0000006dcb100000) (1024K)]
  0x000001a5d705b0b0 WorkerThread "GC Thread#5"                     [id=26960, stack(0x0000006dcb100000,0x0000006dcb200000) (1024K)]
  0x000001a5d74b0730 WorkerThread "GC Thread#6"                     [id=23144, stack(0x0000006dcb200000,0x0000006dcb300000) (1024K)]
  0x000001a5d74afff0 WorkerThread "GC Thread#7"                     [id=23928, stack(0x0000006dcb500000,0x0000006dcb600000) (1024K)]
  0x000001a5d74b1950 WorkerThread "GC Thread#8"                     [id=25140, stack(0x0000006dca900000,0x0000006dcaa00000) (1024K)]
  0x000001a5d74b1210 WorkerThread "GC Thread#9"                     [id=12260, stack(0x0000006dcab00000,0x0000006dcac00000) (1024K)]
Total: 12

Threads with active compile tasks:
C2 CompilerThread1  12161 2486       4       lombok.patcher.PatchScript::classMatches (41 bytes)
Total: 1

VM state: not at safepoint (normal execution)

VM Mutex/Monitor currently owned by a thread: None

Heap address: 0x0000000080000000, size: 2048 MB, Compressed Oops mode: 32-bit

CDS archive(s) mapped at: [0x000001a58f000000-0x000001a58fba0000-0x000001a58fba0000), size 12189696, SharedBaseAddress: 0x000001a58f000000, ArchiveRelocationMode: 1.
Compressed class space mapped at: 0x000001a590000000-0x000001a5d0000000, reserved size: 1073741824
Narrow klass base: 0x000001a58f000000, Narrow klass shift: 0, Narrow klass range: 0x100000000

GC Precious Log:
 CardTable entry size: 512
 CPUs: 16 total, 16 available
 Memory: 16110M
 Large Page Support: Disabled
 NUMA Support: Disabled
 Compressed Oops: Enabled (32-bit)
 Alignments: Space 512K, Generation 512K, Heap 2M
 Heap Min Capacity: 100M
 Heap Initial Capacity: 100M
 Heap Max Capacity: 2G
 Pre-touch: Disabled
 Parallel Workers: 13

Heap:
 PSYoungGen      total 29696K, used 12737K [0x00000000d5580000, 0x00000000d7680000, 0x0000000100000000)
  eden space 25600K, 33% used [0x00000000d5580000,0x00000000d5df04e0,0x00000000d6e80000)
  from space 4096K, 99% used [0x00000000d6e80000,0x00000000d727ff40,0x00000000d7280000)
  to   space 4096K, 0% used [0x00000000d7280000,0x00000000d7280000,0x00000000d7680000)
 ParOldGen       total 68608K, used 2626K [0x0000000080000000, 0x0000000084300000, 0x00000000d5580000)
  object space 68608K, 3% used [0x0000000080000000,0x0000000080290910,0x0000000084300000)
 Metaspace       used 13843K, committed 14336K, reserved 1114112K
  class space    used 1467K, committed 1664K, reserved 1048576K

Card table byte_map: [0x000001a5f7cd0000,0x000001a5f80e0000] _byte_map_base: 0x000001a5f78d0000

Marking Bits: (ParMarkBitMap*) 0x00007ffde34b2460
 Begin Bits: [0x000001a5fb7e0000, 0x000001a5fd7e0000)
 End Bits:   [0x000001a5fd7e0000, 0x000001a5ff7e0000)

Polling page: 0x000001a5f61b0000

Metaspace:

Usage:
  Non-class:     12.10 MB used.
      Class:      1.43 MB used.
       Both:     13.53 MB used.

Virtual space:
  Non-class space:       64.00 MB reserved,      12.38 MB ( 19%) committed,  1 nodes.
      Class space:        1.00 GB reserved,       1.62 MB ( <1%) committed,  1 nodes.
             Both:        1.06 GB reserved,      14.00 MB (  1%) committed. 

Chunk freelists:
   Non-Class:  2.78 MB
       Class:  14.39 MB
        Both:  17.17 MB

MaxMetaspaceSize: unlimited
CompressedClassSpaceSize: 1.00 GB
Initial GC threshold: 21.00 MB
Current GC threshold: 21.00 MB
CDS: on
 - commit_granule_bytes: 65536.
 - commit_granule_words: 8192.
 - virtual_space_node_default_size: 8388608.
 - enlarge_chunks_in_place: 1.
 - use_allocation_guard: 0.


Internal statistics:

num_allocs_failed_limit: 0.
num_arena_births: 386.
num_arena_deaths: 0.
num_vsnodes_births: 2.
num_vsnodes_deaths: 0.
num_space_committed: 224.
num_space_uncommitted: 0.
num_chunks_returned_to_freelist: 0.
num_chunks_taken_from_freelist: 855.
num_chunk_merges: 0.
num_chunk_splits: 537.
num_chunks_enlarged: 342.
num_inconsistent_stats: 0.

CodeHeap 'non-profiled nmethods': size=119168Kb used=1040Kb max_used=1040Kb free=118128Kb
 bounds [0x000001a587ba0000, 0x000001a587e10000, 0x000001a58f000000]
CodeHeap 'profiled nmethods': size=119104Kb used=4882Kb max_used=4882Kb free=114221Kb
 bounds [0x000001a580000000, 0x000001a5804d0000, 0x000001a587450000]
CodeHeap 'non-nmethods': size=7488Kb used=2958Kb max_used=2972Kb free=4529Kb
 bounds [0x000001a587450000, 0x000001a587840000, 0x000001a587ba0000]
CodeCache: size=245760Kb, used=8880Kb, max_used=8894Kb, free=236878Kb
 total_blobs=3062, nmethods=2529, adapters=436, full_count=0
Compilation: enabled, stopped_count=0, restarted_count=0

Compilation events (20 events):
Event: 10.097 Thread 0x000001a5d79c60a0 2496       3       java.util.concurrent.ConcurrentHashMap::values (25 bytes)
Event: 10.097 Thread 0x000001a5d1266590 2497       3       java.util.concurrent.ConcurrentHashMap$ValuesView::iterator (34 bytes)
Event: 10.097 Thread 0x000001a5d79c5600 2498       3       java.util.concurrent.ConcurrentHashMap$ValueIterator::<init> (12 bytes)
Event: 10.097 Thread 0x000001a5d79c5600 nmethod 2498 0x000001a5804b6310 code [0x000001a5804b64c0, 0x000001a5804b65f8]
Event: 10.098 Thread 0x000001a5d1266590 nmethod 2497 0x000001a5804b6690 code [0x000001a5804b6840, 0x000001a5804b6a68]
Event: 10.098 Thread 0x000001a5d79c60a0 nmethod 2496 0x000001a5804b6b90 code [0x000001a5804b6d60, 0x000001a5804b7068]
Event: 10.098 Thread 0x000001a5f83e9a00 2499 %     4       java.util.Properties$LineReader::readLine @ 293 (584 bytes)
Event: 10.098 Thread 0x000001a5d79c5600 2500       3       java.util.Properties::loadConvert (540 bytes)
Event: 10.100 Thread 0x000001a5d79c60a0 2501       3       java.lang.invoke.MethodHandle::isSafeToCache (14 bytes)
Event: 10.100 Thread 0x000001a5d1266590 2502       3       java.lang.invoke.MethodHandle::setAsTypeCache (33 bytes)
Event: 10.100 Thread 0x000001a5f83eda10 2503       3       jdk.internal.reflect.Reflection::verifyMemberAccess (200 bytes)
Event: 10.100 Thread 0x000001a5d79c60a0 nmethod 2501 0x000001a5804b7190 code [0x000001a5804b7340, 0x000001a5804b74b8]
Event: 10.101 Thread 0x000001a5d79c5600 nmethod 2500 0x000001a5804b7590 code [0x000001a5804b7880, 0x000001a5804b8b28]
Event: 10.101 Thread 0x000001a5d1266590 nmethod 2502 0x000001a5804b9190 code [0x000001a5804b9380, 0x000001a5804b9870]
Event: 10.105 Thread 0x000001a5f83eda10 nmethod 2503 0x000001a5804b9a90 code [0x000001a5804b9f40, 0x000001a5804bc0e0]
Event: 10.128 Thread 0x000001a5d79c60a0 2505       3       sun.util.locale.LocaleUtils::isUpper (18 bytes)
Event: 10.128 Thread 0x000001a5d79c60a0 nmethod 2505 0x000001a5804bcb10 code [0x000001a5804bcca0, 0x000001a5804bce10]
Event: 10.128 Thread 0x000001a5f83e9a00 nmethod 2499% 0x000001a587c9da10 code [0x000001a587c9dca0, 0x000001a587c9f2a8]
Event: 10.129 Thread 0x000001a5f83e9a00 2504   !   4       java.lang.ref.ReferenceQueue::poll (40 bytes)
Event: 11.090 Thread 0x000001a5f83eda10 2509       3       java.util.concurrent.locks.LockSupport::setBlocker (12 bytes)

GC Heap History (6 events):
Event: 1.923 GC heap before
{Heap before GC invocations=1 (full 0):
 PSYoungGen      total 29696K, used 25600K [0x00000000d5580000, 0x00000000d7680000, 0x0000000100000000)
  eden space 25600K, 100% used [0x00000000d5580000,0x00000000d6e80000,0x00000000d6e80000)
  from space 4096K, 0% used [0x00000000d7280000,0x00000000d7280000,0x00000000d7680000)
  to   space 4096K, 0% used [0x00000000d6e80000,0x00000000d6e80000,0x00000000d7280000)
 ParOldGen       total 68608K, used 0K [0x0000000080000000, 0x0000000084300000, 0x00000000d5580000)
  object space 68608K, 0% used [0x0000000080000000,0x0000000080000000,0x0000000084300000)
 Metaspace       used 4127K, committed 4416K, reserved 1114112K
  class space    used 452K, committed 576K, reserved 1048576K
}
Event: 1.929 GC heap after
{Heap after GC invocations=1 (full 0):
 PSYoungGen      total 29696K, used 3691K [0x00000000d5580000, 0x00000000d7680000, 0x0000000100000000)
  eden space 25600K, 0% used [0x00000000d5580000,0x00000000d5580000,0x00000000d6e80000)
  from space 4096K, 90% used [0x00000000d6e80000,0x00000000d721aff0,0x00000000d7280000)
  to   space 4096K, 0% used [0x00000000d7280000,0x00000000d7280000,0x00000000d7680000)
 ParOldGen       total 68608K, used 16K [0x0000000080000000, 0x0000000084300000, 0x00000000d5580000)
  object space 68608K, 0% used [0x0000000080000000,0x0000000080004000,0x0000000084300000)
 Metaspace       used 4127K, committed 4416K, reserved 1114112K
  class space    used 452K, committed 576K, reserved 1048576K
}
Event: 2.356 GC heap before
{Heap before GC invocations=2 (full 0):
 PSYoungGen      total 29696K, used 29291K [0x00000000d5580000, 0x00000000d7680000, 0x0000000100000000)
  eden space 25600K, 100% used [0x00000000d5580000,0x00000000d6e80000,0x00000000d6e80000)
  from space 4096K, 90% used [0x00000000d6e80000,0x00000000d721aff0,0x00000000d7280000)
  to   space 4096K, 0% used [0x00000000d7280000,0x00000000d7280000,0x00000000d7680000)
 ParOldGen       total 68608K, used 16K [0x0000000080000000, 0x0000000084300000, 0x00000000d5580000)
  object space 68608K, 0% used [0x0000000080000000,0x0000000080004000,0x0000000084300000)
 Metaspace       used 7966K, committed 8256K, reserved 1114112K
  class space    used 830K, committed 960K, reserved 1048576K
}
Event: 2.363 GC heap after
{Heap after GC invocations=2 (full 0):
 PSYoungGen      total 29696K, used 4086K [0x00000000d5580000, 0x00000000d7680000, 0x0000000100000000)
  eden space 25600K, 0% used [0x00000000d5580000,0x00000000d5580000,0x00000000d6e80000)
  from space 4096K, 99% used [0x00000000d7280000,0x00000000d767d810,0x00000000d7680000)
  to   space 4096K, 0% used [0x00000000d6e80000,0x00000000d6e80000,0x00000000d7280000)
 ParOldGen       total 68608K, used 1059K [0x0000000080000000, 0x0000000084300000, 0x00000000d5580000)
  object space 68608K, 1% used [0x0000000080000000,0x0000000080108dd0,0x0000000084300000)
 Metaspace       used 7966K, committed 8256K, reserved 1114112K
  class space    used 830K, committed 960K, reserved 1048576K
}
Event: 7.946 GC heap before
{Heap before GC invocations=3 (full 0):
 PSYoungGen      total 29696K, used 29686K [0x00000000d5580000, 0x00000000d7680000, 0x0000000100000000)
  eden space 25600K, 100% used [0x00000000d5580000,0x00000000d6e80000,0x00000000d6e80000)
  from space 4096K, 99% used [0x00000000d7280000,0x00000000d767d810,0x00000000d7680000)
  to   space 4096K, 0% used [0x00000000d6e80000,0x00000000d6e80000,0x00000000d7280000)
 ParOldGen       total 68608K, used 1059K [0x0000000080000000, 0x0000000084300000, 0x00000000d5580000)
  object space 68608K, 1% used [0x0000000080000000,0x0000000080108dd0,0x0000000084300000)
 Metaspace       used 12752K, committed 13312K, reserved 1114112K
  class space    used 1353K, committed 1600K, reserved 1048576K
}
Event: 7.951 GC heap after
{Heap after GC invocations=3 (full 0):
 PSYoungGen      total 29696K, used 4095K [0x00000000d5580000, 0x00000000d7680000, 0x0000000100000000)
  eden space 25600K, 0% used [0x00000000d5580000,0x00000000d5580000,0x00000000d6e80000)
  from space 4096K, 99% used [0x00000000d6e80000,0x00000000d727ff40,0x00000000d7280000)
  to   space 4096K, 0% used [0x00000000d7280000,0x00000000d7280000,0x00000000d7680000)
 ParOldGen       total 68608K, used 2626K [0x0000000080000000, 0x0000000084300000, 0x00000000d5580000)
  object space 68608K, 3% used [0x0000000080000000,0x0000000080290910,0x0000000084300000)
 Metaspace       used 12752K, committed 13312K, reserved 1114112K
  class space    used 1353K, committed 1600K, reserved 1048576K
}

Dll operation events (11 events):
Event: 0.045 Loaded shared library c:\Users\SOftLapTop\.antigravity\extensions\redhat.java-1.51.0-win32-x64\jre\21.0.9-win32-x86_64\bin\java.dll
Event: 0.209 Loaded shared library c:\Users\SOftLapTop\.antigravity\extensions\redhat.java-1.51.0-win32-x64\jre\21.0.9-win32-x86_64\bin\zip.dll
Event: 0.259 Loaded shared library C:\Users\SOftLapTop\.antigravity\extensions\redhat.java-1.51.0-win32-x64\jre\21.0.9-win32-x86_64\bin\instrument.dll
Event: 0.269 Loaded shared library C:\Users\SOftLapTop\.antigravity\extensions\redhat.java-1.51.0-win32-x64\jre\21.0.9-win32-x86_64\bin\net.dll
Event: 0.276 Loaded shared library C:\Users\SOftLapTop\.antigravity\extensions\redhat.java-1.51.0-win32-x64\jre\21.0.9-win32-x86_64\bin\nio.dll
Event: 0.284 Loaded shared library C:\Users\SOftLapTop\.antigravity\extensions\redhat.java-1.51.0-win32-x64\jre\21.0.9-win32-x86_64\bin\zip.dll
Event: 0.315 Loaded shared library C:\Users\SOftLapTop\.antigravity\extensions\redhat.java-1.51.0-win32-x64\jre\21.0.9-win32-x86_64\bin\jimage.dll
Event: 0.476 Loaded shared library c:\Users\SOftLapTop\.antigravity\extensions\redhat.java-1.51.0-win32-x64\jre\21.0.9-win32-x86_64\bin\verify.dll
Event: 2.395 Loaded shared library C:\Users\SOftLapTop\AppData\Roaming\Antigravity\User\globalStorage\redhat.java\1.51.0\config_ss_win\org.eclipse.equinox.launcher\org.eclipse.equinox.launcher.win32.win32.x86_64_1.2.1400.v20250801-0854\eclipse_11916.dll
Event: 8.058 Loaded shared library C:\Users\SOftLapTop\.antigravity\extensions\redhat.java-1.51.0-win32-x64\jre\21.0.9-win32-x86_64\bin\management.dll
Event: 8.062 Loaded shared library C:\Users\SOftLapTop\.antigravity\extensions\redhat.java-1.51.0-win32-x64\jre\21.0.9-win32-x86_64\bin\management_ext.dll

Deoptimization events (20 events):
Event: 5.826 Thread 0x000001a5d773eb00 Uncommon trap: trap_request=0xffffffc6 fr.pc=0x000001a587c825e0 relative=0x00000000000004a0
Event: 5.826 Thread 0x000001a5d773eb00 Uncommon trap: reason=bimorphic_or_optimized_type_check action=maybe_recompile pc=0x000001a587c825e0 method=java.io.DataInputStream.readUnsignedByte()I @ 4 c2
Event: 5.826 Thread 0x000001a5d773eb00 DEOPT PACKING pc=0x000001a587c825e0 sp=0x0000006dcb7f8780
Event: 5.826 Thread 0x000001a5d773eb00 DEOPT UNPACKING pc=0x000001a5874a6da2 sp=0x0000006dcb7f86c8 mode 2
Event: 5.826 Thread 0x000001a5d773eb00 Uncommon trap: trap_request=0xffffffc6 fr.pc=0x000001a587c825e0 relative=0x00000000000004a0
Event: 5.826 Thread 0x000001a5d773eb00 Uncommon trap: reason=bimorphic_or_optimized_type_check action=maybe_recompile pc=0x000001a587c825e0 method=java.io.DataInputStream.readUnsignedByte()I @ 4 c2
Event: 5.826 Thread 0x000001a5d773eb00 DEOPT PACKING pc=0x000001a587c825e0 sp=0x0000006dcb7f87a0
Event: 5.826 Thread 0x000001a5d773eb00 DEOPT UNPACKING pc=0x000001a5874a6da2 sp=0x0000006dcb7f86e8 mode 2
Event: 5.826 Thread 0x000001a5d773eb00 Uncommon trap: trap_request=0xffffffc6 fr.pc=0x000001a587c825e0 relative=0x00000000000004a0
Event: 5.826 Thread 0x000001a5d773eb00 Uncommon trap: reason=bimorphic_or_optimized_type_check action=maybe_recompile pc=0x000001a587c825e0 method=java.io.DataInputStream.readUnsignedByte()I @ 4 c2
Event: 5.826 Thread 0x000001a5d773eb00 DEOPT PACKING pc=0x000001a587c825e0 sp=0x0000006dcb7f87a0
Event: 5.826 Thread 0x000001a5d773eb00 DEOPT UNPACKING pc=0x000001a5874a6da2 sp=0x0000006dcb7f86e8 mode 2
Event: 7.980 Thread 0x000001a5d773eb00 Uncommon trap: trap_request=0xffffff45 fr.pc=0x000001a587bfb8cc relative=0x0000000000000f0c
Event: 7.980 Thread 0x000001a5d773eb00 Uncommon trap: reason=unstable_if action=reinterpret pc=0x000001a587bfb8cc method=lombok.patcher.PatchScript.classMatches(Ljava/lang/String;Ljava/util/Collection;)Z @ 25 c2
Event: 7.980 Thread 0x000001a5d773eb00 DEOPT PACKING pc=0x000001a587bfb8cc sp=0x0000006dcb7f6cc0
Event: 7.980 Thread 0x000001a5d773eb00 DEOPT UNPACKING pc=0x000001a5874a6da2 sp=0x0000006dcb7f6c80 mode 2
Event: 10.098 Thread 0x000001a5d773eb00 Uncommon trap: trap_request=0xffffff45 fr.pc=0x000001a587c9a78c relative=0x00000000000011ec
Event: 10.098 Thread 0x000001a5d773eb00 Uncommon trap: reason=unstable_if action=reinterpret pc=0x000001a587c9a78c method=java.util.Properties.loadConvert([CIILjava/lang/StringBuilder;)Ljava/lang/String; @ 491 c2
Event: 10.098 Thread 0x000001a5d773eb00 DEOPT PACKING pc=0x000001a587c9a78c sp=0x0000006dcb7f7a50
Event: 10.098 Thread 0x000001a5d773eb00 DEOPT UNPACKING pc=0x000001a5874a6da2 sp=0x0000006dcb7f7a40 mode 2

Classes loaded (20 events):
Event: 8.071 Loading class jdk/management/jfr/FlightRecorderMXBean
Event: 8.071 Loading class jdk/management/jfr/FlightRecorderMXBean done
Event: 8.071 Loading class jdk/management/jfr/internal/FlightRecorderMXBeanProvider$SingleMBeanComponent
Event: 8.071 Loading class jdk/management/jfr/internal/FlightRecorderMXBeanProvider$SingleMBeanComponent done
Event: 8.072 Loading class sun/management/RuntimeImpl
Event: 8.072 Loading class sun/management/RuntimeImpl done
Event: 8.072 Loading class java/util/Collections$2
Event: 8.072 Loading class java/util/Collections$2 done
Event: 8.073 Loading class sun/management/Util
Event: 8.073 Loading class sun/management/Util done
Event: 8.073 Loading class java/lang/management/ManagementPermission
Event: 8.073 Loading class java/lang/management/ManagementPermission done
Event: 10.094 Loading class java/lang/IllegalCallerException
Event: 10.094 Loading class java/lang/IllegalCallerException done
Event: 10.101 Loading class java/lang/invoke/DirectMethodHandle$1
Event: 10.114 Loading class java/lang/invoke/DirectMethodHandle$1 done
Event: 10.122 Loading class java/text/MessageFormat
Event: 10.123 Loading class java/text/MessageFormat done
Event: 10.129 Loading class jdk/internal/module/ModulePatcher$PatchedModuleReader
Event: 10.129 Loading class jdk/internal/module/ModulePatcher$PatchedModuleReader done

Classes unloaded (0 events):
No events

Classes redefined (0 events):
No events

Internal exceptions (20 events):
Event: 2.229 Thread 0x000001a5f6049420 Exception <a 'java/lang/NoSuchMethodError'{0x00000000d6649290}: 'void java.lang.invoke.DirectMethodHandle$Holder.invokeStaticInit(java.lang.Object, java.lang.Object)'> (0x00000000d6649290) 
thrown [s\src\hotspot\share\interpreter\linkResolver.cpp, line 773]
Event: 2.229 Thread 0x000001a5f6049420 Exception <a 'java/lang/NoSuchMethodError'{0x00000000d6652428}: 'int java.lang.invoke.DirectMethodHandle$Holder.invokeStaticInit(java.lang.Object, java.lang.Object)'> (0x00000000d6652428) 
thrown [s\src\hotspot\share\interpreter\linkResolver.cpp, line 773]
Event: 2.259 Thread 0x000001a5f6049420 Exception <a 'java/lang/NoSuchMethodError'{0x00000000d68b4348}: 'java.lang.Object java.lang.invoke.DirectMethodHandle$Holder.newInvokeSpecial(java.lang.Object, int, java.lang.Object)'> (0x00000000d68b4348) 
thrown [s\src\hotspot\share\interpreter\linkResolver.cpp, line 773]
Event: 2.286 Thread 0x000001a5f6049420 Exception <a 'java/lang/ClassNotFoundException'{0x00000000d6ad1198}: sun/net/www/protocol/plurl/Handler> (0x00000000d6ad1198) 
thrown [s\src\hotspot\share\classfile\systemDictionary.cpp, line 312]
Event: 2.286 Thread 0x000001a5f6049420 Exception <a 'java/lang/ClassNotFoundException'{0x00000000d6ad2018}: sun/net/www/protocol/plurl/Handler> (0x00000000d6ad2018) 
thrown [s\src\hotspot\share\classfile\systemDictionary.cpp, line 312]
Event: 2.389 Thread 0x000001a5f6049420 Exception <a 'java/lang/UnsatisfiedLinkError'{0x00000000d5673500}: 'void org.eclipse.equinox.launcher.JNIBridge._update_splash()'> (0x00000000d5673500) 
thrown [s\src\hotspot\share\prims\nativeLookup.cpp, line 415]
Event: 2.440 Thread 0x000001a5d773eb00 Exception <a 'java/lang/NullPointerException'{0x00000000d5a0c738}> (0x00000000d5a0c738) 
thrown [s\src\hotspot\share\interpreter\linkResolver.cpp, line 1372]
Event: 2.440 Thread 0x000001a5d773eb00 Exception <a 'java/lang/NullPointerException'{0x00000000d5a0ca18}> (0x00000000d5a0ca18) 
thrown [s\src\hotspot\share\interpreter\linkResolver.cpp, line 1372]
Event: 3.584 Thread 0x000001a5d773eb00 Exception <a 'java/lang/NoSuchMethodError'{0x00000000d6303240}: 'long java.lang.invoke.DirectMethodHandle$Holder.invokeSpecial(java.lang.Object, java.lang.Object)'> (0x00000000d6303240) 
thrown [s\src\hotspot\share\interpreter\linkResolver.cpp, line 773]
Event: 5.672 Thread 0x000001a5d773eb00 Exception <a 'java/io/FileNotFoundException'{0x00000000d64c8ad8}> (0x00000000d64c8ad8) 
thrown [s\src\hotspot\share\prims\jni.cpp, line 520]
Event: 5.795 Thread 0x000001a5d773eb00 Exception <a 'java/lang/NoSuchMethodError'{0x00000000d67e0598}: 'java.lang.Object java.lang.invoke.Invokers$Holder.linkToTargetMethod(java.lang.Object, long, java.lang.Object)'> (0x00000000d67e0598) 
thrown [s\src\hotspot\share\interpreter\linkResolver.cpp, line 773]
Event: 6.867 Thread 0x000001a5d773eb00 Exception <a 'java/lang/NoSuchMethodError'{0x00000000d6b88ea8}: 'void java.lang.invoke.DirectMethodHandle$Holder.invokeInterface(java.lang.Object, java.lang.Object, java.lang.Object)'> (0x00000000d6b88ea8) 
thrown [s\src\hotspot\share\interpreter\linkResolver.cpp, line 773]
Event: 7.922 Thread 0x000001a5d773eb00 Exception <a 'java/lang/NoSuchMethodError'{0x00000000d6d9a600}: 'void java.lang.invoke.Invokers$Holder.invokeExact_MT(java.lang.Object, java.lang.Object, java.lang.Object)'> (0x00000000d6d9a600) 
thrown [s\src\hotspot\share\interpreter\linkResolver.cpp, line 773]
Event: 7.992 Thread 0x000001a5d773eb00 Exception <a 'java/lang/NoSuchMethodError'{0x00000000d57f1c20}: 'java.lang.Object java.lang.invoke.DirectMethodHandle$Holder.invokeVirtual(java.lang.Object, java.lang.Object, java.lang.Object)'> (0x00000000d57f1c20) 
thrown [s\src\hotspot\share\interpreter\linkResolver.cpp, line 773]
Event: 7.993 Thread 0x000001a5d773eb00 Exception <a 'java/lang/NoSuchMethodError'{0x00000000d5809fb8}: 'java.lang.Object java.lang.invoke.DelegatingMethodHandle$Holder.reinvoke_L(java.lang.Object, java.lang.Object, java.lang.Object, java.lang.Object, int, int)'> (0x00000000d5809fb8) 
thrown [s\src\hotspot\share\interpreter\linkResolver.cpp, line 773]
Event: 7.996 Thread 0x000001a5d773eb00 Exception <a 'java/lang/NoSuchMethodError'{0x00000000d5826c90}: 'java.lang.Object java.lang.invoke.DirectMethodHandle$Holder.newInvokeSpecial(java.lang.Object, java.lang.Object, java.lang.Object, java.lang.Object, java.lang.Object, java.lang.Object)'> (0x00000000d5826c90) 
thrown [s\src\hotspot\share\interpreter\linkResolver.cpp, line 773]
Event: 7.998 Thread 0x000001a5d773eb00 Exception <a 'java/lang/NoSuchMethodError'{0x00000000d586d8b8}: 'void java.lang.invoke.Invokers$Holder.invokeExact_MT(java.lang.Object, java.lang.Object, java.lang.Object, java.lang.Object)'> (0x00000000d586d8b8) 
thrown [s\src\hotspot\share\interpreter\linkResolver.cpp, line 773]
Event: 8.043 Thread 0x000001a5d773eb00 Exception <a 'java/io/FileNotFoundException'{0x00000000d599cc28}> (0x00000000d599cc28) 
thrown [s\src\hotspot\share\prims\jni.cpp, line 520]
Event: 8.049 Thread 0x000001a5d773eb00 Exception <a 'java/io/FileNotFoundException'{0x00000000d59b9ac8}> (0x00000000d59b9ac8) 
thrown [s\src\hotspot\share\prims\jni.cpp, line 520]
Event: 8.052 Thread 0x000001a5d773eb00 Exception <a 'java/io/FileNotFoundException'{0x00000000d59c10b0}> (0x00000000d59c10b0) 
thrown [s\src\hotspot\share\prims\jni.cpp, line 520]

ZGC Phase Switch (0 events):
No events

VM Operations (20 events):
Event: 2.494 Executing VM operation: HandshakeAllThreads (Deoptimize)
Event: 2.494 Executing VM operation: HandshakeAllThreads (Deoptimize) done
Event: 3.501 Executing VM operation: Cleanup
Event: 3.532 Executing VM operation: Cleanup done
Event: 4.537 Executing VM operation: Cleanup
Event: 5.645 Executing VM operation: Cleanup done
Event: 5.827 Executing VM operation: HandshakeAllThreads (Deoptimize)
Event: 5.827 Executing VM operation: HandshakeAllThreads (Deoptimize) done
Event: 6.840 Executing VM operation: Cleanup
Event: 6.840 Executing VM operation: Cleanup done
Event: 7.843 Executing VM operation: Cleanup
Event: 7.906 Executing VM operation: Cleanup done
Event: 7.946 Executing VM operation: ParallelGCFailedAllocation (Allocation Failure)
Event: 7.951 Executing VM operation: ParallelGCFailedAllocation (Allocation Failure) done
Event: 9.954 Executing VM operation: Cleanup
Event: 9.954 Executing VM operation: Cleanup done
Event: 10.124 Executing VM operation: HandshakeAllThreads (Deoptimize)
Event: 10.124 Executing VM operation: HandshakeAllThreads (Deoptimize) done
Event: 10.130 Executing VM operation: HandshakeAllThreads (Deoptimize)
Event: 10.130 Executing VM operation: HandshakeAllThreads (Deoptimize) done

Memory protections (0 events):
No events

Nmethod flushes (0 events):
No events

Events (20 events):
Event: 1.735 Thread 0x000001a5d142af50 Thread exited: 0x000001a5d142af50
Event: 2.087 Thread 0x000001a5f83eda10 Thread added: 0x000001a5d7712160
Event: 2.237 Thread 0x000001a5f6049420 Thread added: 0x000001a5d7ba8f20
Event: 2.383 Thread 0x000001a5f6049420 Thread added: 0x000001a5d7bd7100
Event: 2.388 Thread 0x000001a5f6049420 Thread added: 0x000001a5d773eb00
Event: 2.487 Thread 0x000001a5d773eb00 Thread added: 0x000001a5d7a6d090
Event: 2.500 Thread 0x000001a5d7712160 Thread exited: 0x000001a5d7712160
Event: 2.500 Thread 0x000001a5d1342090 Thread exited: 0x000001a5d1342090
Event: 2.500 Thread 0x000001a5d133ffc0 Thread exited: 0x000001a5d133ffc0
Event: 3.544 Thread 0x000001a5d12652c0 Thread exited: 0x000001a5d12652c0
Event: 3.544 Thread 0x000001a5d13e31a0 Thread exited: 0x000001a5d13e31a0
Event: 3.589 Thread 0x000001a5f83eda10 Thread added: 0x000001a5d13e31a0
Event: 3.589 Thread 0x000001a5f83eda10 Thread added: 0x000001a5d7b83410
Event: 5.804 Thread 0x000001a5d7b83410 Thread exited: 0x000001a5d7b83410
Event: 6.842 Thread 0x000001a5d13e31a0 Thread exited: 0x000001a5d13e31a0
Event: 6.871 Thread 0x000001a5d773eb00 Thread added: 0x000001a5d13e31a0
Event: 7.924 Thread 0x000001a5f83eda10 Thread added: 0x000001a5d1266590
Event: 7.967 Thread 0x000001a5d1266590 Thread added: 0x000001a5d79c5600
Event: 7.967 Thread 0x000001a5d1266590 Thread added: 0x000001a5d79c60a0
Event: 7.997 Thread 0x000001a5d79c60a0 Thread added: 0x000001a5d7b5ab60


Dynamic libraries:
0x00007ff7548a0000 - 0x00007ff7548ae000 	c:\Users\SOftLapTop\.antigravity\extensions\redhat.java-1.51.0-win32-x64\jre\21.0.9-win32-x86_64\bin\java.exe
0x00007ffe9d6e0000 - 0x00007ffe9d948000 	C:\WINDOWS\SYSTEM32\ntdll.dll
0x00007ffe9b9f0000 - 0x00007ffe9bab9000 	C:\WINDOWS\System32\KERNEL32.DLL
0x00007ffe9a870000 - 0x00007ffe9ac62000 	C:\WINDOWS\System32\KERNELBASE.dll
0x00007ffe9ac70000 - 0x00007ffe9adbb000 	C:\WINDOWS\System32\ucrtbase.dll
0x00007ffe7a8c0000 - 0x00007ffe7a8d8000 	c:\Users\SOftLapTop\.antigravity\extensions\redhat.java-1.51.0-win32-x64\jre\21.0.9-win32-x86_64\bin\jli.dll
0x00007ffe826e0000 - 0x00007ffe826fe000 	c:\Users\SOftLapTop\.antigravity\extensions\redhat.java-1.51.0-win32-x64\jre\21.0.9-win32-x86_64\bin\VCRUNTIME140.dll
0x00007ffe9bbc0000 - 0x00007ffe9bd85000 	C:\WINDOWS\System32\USER32.dll
0x00007ffe7d920000 - 0x00007ffe7dbb3000 	C:\WINDOWS\WinSxS\amd64_microsoft.windows.common-controls_6595b64144ccf1df_6.0.26100.6899_none_3e0efeeae32e88c1\COMCTL32.dll
0x00007ffe9b110000 - 0x00007ffe9b137000 	C:\WINDOWS\System32\win32u.dll
0x00007ffe9bef0000 - 0x00007ffe9bf99000 	C:\WINDOWS\System32\msvcrt.dll
0x00007ffe9d670000 - 0x00007ffe9d69b000 	C:\WINDOWS\System32\GDI32.dll
0x00007ffe9b2c0000 - 0x00007ffe9b3ed000 	C:\WINDOWS\System32\gdi32full.dll
0x00007ffe9ae60000 - 0x00007ffe9af03000 	C:\WINDOWS\System32\msvcp_win.dll
0x00007ffe9bd90000 - 0x00007ffe9bdbf000 	C:\WINDOWS\System32\IMM32.DLL
0x00007ffe95100000 - 0x00007ffe9510c000 	c:\Users\SOftLapTop\.antigravity\extensions\redhat.java-1.51.0-win32-x64\jre\21.0.9-win32-x86_64\bin\vcruntime140_1.dll
0x00007ffe58cb0000 - 0x00007ffe58d3d000 	c:\Users\SOftLapTop\.antigravity\extensions\redhat.java-1.51.0-win32-x64\jre\21.0.9-win32-x86_64\bin\msvcp140.dll
0x00007ffde27f0000 - 0x00007ffde3590000 	c:\Users\SOftLapTop\.antigravity\extensions\redhat.java-1.51.0-win32-x64\jre\21.0.9-win32-x86_64\bin\server\jvm.dll
0x00007ffe9c280000 - 0x00007ffe9c334000 	C:\WINDOWS\System32\ADVAPI32.dll
0x00007ffe9cb60000 - 0x00007ffe9cc06000 	C:\WINDOWS\System32\sechost.dll
0x00007ffe9bdd0000 - 0x00007ffe9bee8000 	C:\WINDOWS\System32\RPCRT4.dll
0x00007ffe9b970000 - 0x00007ffe9b9e4000 	C:\WINDOWS\System32\WS2_32.dll
0x00007ffe994c0000 - 0x00007ffe9951e000 	C:\WINDOWS\SYSTEM32\POWRPROF.dll
0x00007ffe8da60000 - 0x00007ffe8da95000 	C:\WINDOWS\SYSTEM32\WINMM.dll
0x00007ffe91290000 - 0x00007ffe9129b000 	C:\WINDOWS\SYSTEM32\VERSION.dll
0x00007ffe994a0000 - 0x00007ffe994b4000 	C:\WINDOWS\SYSTEM32\UMPDC.dll
0x00007ffe99760000 - 0x00007ffe9977b000 	C:\WINDOWS\SYSTEM32\kernel.appcore.dll
0x00007ffe90410000 - 0x00007ffe9041a000 	c:\Users\SOftLapTop\.antigravity\extensions\redhat.java-1.51.0-win32-x64\jre\21.0.9-win32-x86_64\bin\jimage.dll
0x00007ffe97980000 - 0x00007ffe97bc2000 	C:\WINDOWS\SYSTEM32\DBGHELP.DLL
0x00007ffe9ce50000 - 0x00007ffe9d1cb000 	C:\WINDOWS\System32\combase.dll
0x00007ffe9bae0000 - 0x00007ffe9bbb7000 	C:\WINDOWS\System32\OLEAUT32.dll
0x00007ffe73790000 - 0x00007ffe737cc000 	C:\WINDOWS\SYSTEM32\dbgcore.DLL
0x00007ffe9adc0000 - 0x00007ffe9ae58000 	C:\WINDOWS\System32\bcryptPrimitives.dll
0x00007ffe8d980000 - 0x00007ffe8d98f000 	c:\Users\SOftLapTop\.antigravity\extensions\redhat.java-1.51.0-win32-x64\jre\21.0.9-win32-x86_64\bin\instrument.dll
0x00007ffe6d990000 - 0x00007ffe6d9b0000 	c:\Users\SOftLapTop\.antigravity\extensions\redhat.java-1.51.0-win32-x64\jre\21.0.9-win32-x86_64\bin\java.dll
0x00007ffe9c410000 - 0x00007ffe9cb5d000 	C:\WINDOWS\System32\SHELL32.dll
0x00007ffe9afa0000 - 0x00007ffe9b10b000 	C:\WINDOWS\System32\wintypes.dll
0x00007ffe98500000 - 0x00007ffe98d5d000 	C:\WINDOWS\SYSTEM32\windows.storage.dll
0x00007ffe9bfa0000 - 0x00007ffe9c092000 	C:\WINDOWS\System32\SHCORE.dll
0x00007ffe9b8a0000 - 0x00007ffe9b902000 	C:\WINDOWS\System32\shlwapi.dll
0x00007ffe9a790000 - 0x00007ffe9a7b9000 	C:\WINDOWS\SYSTEM32\profapi.dll
0x00007ffe6b500000 - 0x00007ffe6b518000 	c:\Users\SOftLapTop\.antigravity\extensions\redhat.java-1.51.0-win32-x64\jre\21.0.9-win32-x86_64\bin\zip.dll
0x00007ffe86cf0000 - 0x00007ffe86d00000 	C:\Users\SOftLapTop\.antigravity\extensions\redhat.java-1.51.0-win32-x64\jre\21.0.9-win32-x86_64\bin\net.dll
0x00007ffe91600000 - 0x00007ffe9171f000 	C:\WINDOWS\SYSTEM32\WINHTTP.dll
0x00007ffe99cd0000 - 0x00007ffe99d3b000 	C:\WINDOWS\system32\mswsock.dll
0x00007ffe6b4e0000 - 0x00007ffe6b4f6000 	C:\Users\SOftLapTop\.antigravity\extensions\redhat.java-1.51.0-win32-x64\jre\21.0.9-win32-x86_64\bin\nio.dll
0x00007ffe84e30000 - 0x00007ffe84e40000 	c:\Users\SOftLapTop\.antigravity\extensions\redhat.java-1.51.0-win32-x64\jre\21.0.9-win32-x86_64\bin\verify.dll
0x00007ffe17230000 - 0x00007ffe17274000 	C:\Users\SOftLapTop\AppData\Roaming\Antigravity\User\globalStorage\redhat.java\1.51.0\config_ss_win\org.eclipse.equinox.launcher\org.eclipse.equinox.launcher.win32.win32.x86_64_1.2.1400.v20250801-0854\eclipse_11916.dll
0x00007ffe9ccb0000 - 0x00007ffe9ce48000 	C:\WINDOWS\System32\ole32.dll
0x00007ffe83b00000 - 0x00007ffe83b0a000 	C:\Users\SOftLapTop\.antigravity\extensions\redhat.java-1.51.0-win32-x64\jre\21.0.9-win32-x86_64\bin\management.dll
0x00007ffe83930000 - 0x00007ffe8393c000 	C:\Users\SOftLapTop\.antigravity\extensions\redhat.java-1.51.0-win32-x64\jre\21.0.9-win32-x86_64\bin\management_ext.dll
0x00007ffe9b4b0000 - 0x00007ffe9b4b8000 	C:\WINDOWS\System32\PSAPI.DLL

JVMTI agents:
c:\Users\SOftLapTop\.antigravity\extensions\redhat.java-1.51.0-win32-x64\lombok\lombok-1.18.39-4050.jar path:c:\Users\SOftLapTop\.antigravity\extensions\redhat.java-1.51.0-win32-x64\jre\21.0.9-win32-x86_64\bin\instrument.dll, loaded, initialized, instrumentlib options:none

dbghelp: loaded successfully - version: 4.0.5 - missing functions: none
symbol engine: initialized successfully - sym options: 0x614 - pdb path: .;c:\Users\SOftLapTop\.antigravity\extensions\redhat.java-1.51.0-win32-x64\jre\21.0.9-win32-x86_64\bin;C:\WINDOWS\SYSTEM32;C:\WINDOWS\WinSxS\amd64_microsoft.windows.common-controls_6595b64144ccf1df_6.0.26100.6899_none_3e0efeeae32e88c1;c:\Users\SOftLapTop\.antigravity\extensions\redhat.java-1.51.0-win32-x64\jre\21.0.9-win32-x86_64\bin\server;C:\Users\SOftLapTop\AppData\Roaming\Antigravity\User\globalStorage\redhat.java\1.51.0\config_ss_win\org.eclipse.equinox.launcher\org.eclipse.equinox.launcher.win32.win32.x86_64_1.2.1400.v20250801-0854

VM Arguments:
jvm_args: --add-modules=ALL-SYSTEM --add-opens=java.base/java.util=ALL-UNNAMED --add-opens=java.base/java.lang=ALL-UNNAMED --add-opens=java.base/sun.nio.fs=ALL-UNNAMED -Declipse.application=org.eclipse.jdt.ls.core.id1 -Dosgi.bundles.defaultStartLevel=4 -Declipse.product=org.eclipse.jdt.ls.core.product -Djava.import.generatesMetadataFilesAtProjectRoot=false -DDetectVMInstallationsJob.disabled=true -Dfile.encoding=utf8 -XX:+UseParallelGC -XX:GCTimeRatio=4 -XX:AdaptiveSizePolicyWeight=90 -Dsun.zip.disableMemoryMapping=true -Xmx2G -Xms100m -Xlog:disable -javaagent:c:\Users\SOftLapTop\.antigravity\extensions\redhat.java-1.51.0-win32-x64\lombok\lombok-1.18.39-4050.jar 
java_command: c:\Users\SOftLapTop\.antigravity\extensions\redhat.java-1.51.0-win32-x64\server\plugins\org.eclipse.equinox.launcher_1.7.100.v20251111-0406.jar -configuration c:\Users\SOftLapTop\AppData\Roaming\Antigravity\User\globalStorage\redhat.java\1.51.0\config_ss_win -data c:\Users\SOftLapTop\AppData\Roaming\Antigravity\User\workspaceStorage\4066a1f858ad8e0f4dc6e7860d362727\redhat.java\ss_ws --pipe=\\.\pipe\lsp-a931f57cbc7467ea7160f16a23b8e9d8-sock
java_class_path (initial): c:\Users\SOftLapTop\.antigravity\extensions\redhat.java-1.51.0-win32-x64\server\plugins\org.eclipse.equinox.launcher_1.7.100.v20251111-0406.jar
Launcher Type: SUN_STANDARD

[Global flags]
    uintx AdaptiveSizePolicyWeight                 = 90                                        {product} {command line}
     intx CICompilerCount                          = 12                                        {product} {ergonomic}
    uintx GCTimeRatio                              = 4                                         {product} {command line}
   size_t InitialHeapSize                          = 104857600                                 {product} {command line}
   size_t MaxHeapSize                              = 2147483648                                {product} {command line}
   size_t MaxNewSize                               = 715653120                                 {product} {ergonomic}
   size_t MinHeapDeltaBytes                        = 524288                                    {product} {ergonomic}
   size_t MinHeapSize                              = 104857600                                 {product} {command line}
   size_t NewSize                                  = 34603008                                  {product} {ergonomic}
    uintx NonNMethodCodeHeapSize                   = 7602480                                {pd product} {ergonomic}
    uintx NonProfiledCodeHeapSize                  = 122027880                              {pd product} {ergonomic}
   size_t OldSize                                  = 70254592                                  {product} {ergonomic}
    uintx ProfiledCodeHeapSize                     = 122027880                              {pd product} {ergonomic}
    uintx ReservedCodeCacheSize                    = 251658240                              {pd product} {ergonomic}
     bool SegmentedCodeCache                       = true                                      {product} {ergonomic}
   size_t SoftMaxHeapSize                          = 2147483648                             {manageable} {ergonomic}
     bool UseCompressedOops                        = true                           {product lp64_product} {ergonomic}
     bool UseLargePagesIndividualAllocation        = false                                  {pd product} {ergonomic}
     bool UseParallelGC                            = true                                      {product} {command line}

Logging:
Log output configuration:
 #0: stdout all=off uptime,level,tags foldmultilines=false
 #1: stderr all=off uptime,level,tags foldmultilines=false

Release file:
JAVA_VERSION="21.0.9" 
MODULES="java.base java.compiler java.datatransfer java.xml java.prefs java.desktop java.instrument java.logging java.management java.security.sasl java.naming java.rmi java.management.rmi java.net.http java.scripting java.security.jgss java.transaction.xa java.sql java.sql.rowset java.xml.crypto java.se java.smartcardio jdk.accessibility jdk.internal.jvmstat jdk.attach jdk.charsets jdk.internal.opt jdk.zipfs jdk.compiler jdk.crypto.ec jdk.crypto.cryptoki jdk.crypto.mscapi jdk.dynalink jdk.internal.ed jdk.editpad jdk.hotspot.agent jdk.httpserver jdk.internal.le jdk.internal.vm.ci jdk.internal.vm.compiler jdk.internal.vm.compiler.management jdk.jartool jdk.javadoc jdk.jcmd jdk.management jdk.management.agent jdk.jconsole jdk.jdeps jdk.jdwp.agent jdk.jdi jdk.jfr jdk.jshell jdk.jsobject jdk.jstatd jdk.localedata jdk.management.jfr jdk.naming.dns jdk.naming.rmi jdk.net jdk.nio.mapmode jdk.random jdk.sctp jdk.security.auth jdk.security.jgss jdk.unsupported jdk.unsupported.desktop jdk.xml.dom" 

Environment Variables:
PATH=C:\Program Files (x86)\Common Files\Oracle\Java\java8path;C:\Program Files (x86)\Common Files\Intel\Shared Libraries\redist\intel64\compiler;C:\WINDOWS\system32;C:\WINDOWS;C:\WINDOWS\System32\Wbem;C:\WINDOWS\System32\WindowsPowerShell\v1.0\;C:\WINDOWS\System32\OpenSSH\;C:\Program Files\dotnet\;C:\Program Files\NVIDIA Corporation\NVIDIA app\NvDLISR;C:\Program Files (x86)\NVIDIA Corporation\PhysX\Common;E:\Windows Kits\10\Windows Performance Toolkit\;E:\Java SDK\bin;E:\openjfx-25.0.1_windows-x64_bin-sdk\javafx-sdk-25.0.1\bin;E:\Python\Python313\Scripts\;E:\Python\Python313\;C:\Users\SOftLapTop\AppData\Local\Programs\Python\Python312\Scripts\;C:\Users\SOftLapTop\AppData\Local\Programs\Python\Python312\;C:\Users\SOftLapTop\AppData\Local\Microsoft\WindowsApps;E:\JetBrains\PyCharm Community Edition 2023.2.4\bin;C:\Users\SOftLapTop\AppData\Local\Programs\Microsoft VS Code\bin;C:\Users\SOftLapTop\AppData\Local\Microsoft\WindowsApps;C:\msys64\mingw64\bin;E:\JetBrains\PyCharm 2024.2.3\bin;;C:\Program Files\JetBrains\PyCharm Community Edition 2024.3\bin;;E:\intelFPGA\20.1\modelsim_ase\win32aloem;C:\Users\SOftLapTop\.dotnet\tools;E:\Antigravity\bin
USERNAME=SOftLapTop
OS=Windows_NT
PROCESSOR_IDENTIFIER=Intel64 Family 6 Model 141 Stepping 1, GenuineIntel
TMP=C:\Users\SOFTLA~1\AppData\Local\Temp
TEMP=C:\Users\SOFTLA~1\AppData\Local\Temp




Periodic native trim disabled

---------------  S Y S T E M  ---------------

OS:
 Windows 11 , 64 bit Build 26100 (10.0.26100.6725)
OS uptime: 0 days 20:01 hours

CPU: total 16 (initial active 16) (8 cores per cpu, 2 threads per core) family 6 model 141 stepping 1 microcode 0x58, cx8, cmov, fxsr, ht, mmx, 3dnowpref, sse, sse2, sse3, ssse3, sse4.1, sse4.2, popcnt, lzcnt, tsc, tscinvbit, avx, avx2, aes, erms, clmul, bmi1, bmi2, adx, avx512f, avx512dq, avx512cd, avx512bw, avx512vl, sha, fma, vzeroupper, avx512_vpopcntdq, avx512_vpclmulqdq, avx512_vaes, avx512_vnni, clflush, clflushopt, clwb, avx512_vbmi2, avx512_vbmi, rdtscp, rdpid, fsrm, gfni, avx512_bitalg, f16c, pku, cet_ibt, cet_ss, avx512_ifma
Processor Information for the first 16 processors :
  Max Mhz: 2304, Current Mhz: 2304, Mhz Limit: 2304

Memory: 4k page, system-wide physical 16110M (1477M free)
TotalPageFile size 20206M (AvailPageFile size 5M)
current process WorkingSet (physical memory assigned to process): 111M, peak: 113M
current process commit charge ("private bytes"): 268M, peak: 271M

vm_info: OpenJDK 64-Bit Server VM (21.0.9+10-LTS) for windows-amd64 JRE (21.0.9+10-LTS), built on 2025-10-21T00:00:00Z by "admin" with unknown MS VC++:1942

END.
